<?xml version="1.0" encoding="UTF-8"?>
<!-- Generated by org.testng.reporters.JUnitXMLReporter -->
<testsuite hostname="CBT-071" name="Test" tests="1" failures="1" timestamp="30 Sep 2016 04:01:52 GMT" time="0.096" errors="0">
  <testcase name="loginViaEmailId" time="0.042" classname="com.voonik.scripts.HomePageScript">
    <failure type="java.lang.NullPointerException">
      <![CDATA[java.lang.NullPointerException
	at com.voonik.scripts.HomePageScript.loginViaEmailId(HomePageScript.java:35)
... Removed 25 stack frames]]>
    </failure>
  </testcase> <!-- loginViaEmailId -->
</testsuite> <!-- Test -->
